<?xml version="1.0" encoding="UTF-8"?>
<!-- Generated by org.testng.reporters.JUnitReportReporter -->
<testsuite skipped="0" hostname="DESKTOP-P9RS1G1" name="com.example.demo.UserBlock" tests="4" failures="0" timestamp="20 Apr 2022 01:58:49 GMT" time="38.709" errors="0">
  <testcase name="Setup" time="7.833" classname="com.example.demo.UserBlock"/>
  <testcase name="AdminLoginPass" time="9.837" classname="com.example.demo.UserBlock"/>
  <testcase name="AdminCustBlock" time="16.882" classname="com.example.demo.UserBlock"/>
  <testcase name="TearDown" time="4.157" classname="com.example.demo.UserBlock"/>
</testsuite> <!-- com.example.demo.UserBlock -->
